  [1m[36m (5.0ms)[0m  [1mSELECT name FROM sqlite_master WHERE type = 'table' AND name = "schema_migrations"[0m
  [1m[35m (21.0ms)[0m  CREATE TABLE "schema_migrations" ("version" varchar NOT NULL) 
  [1m[36m (2.0ms)[0m  [1mSELECT sqlite_version(*)[0m
  [1m[35m (1.0ms)[0m  SELECT name FROM sqlite_master WHERE type = 'table' AND name = "schema_migrations"
  [1m[36m (9.0ms)[0m  [1mCREATE UNIQUE INDEX "unique_schema_migrations" ON "schema_migrations" ("version")[0m
  [1m[35m (1.0ms)[0m  SELECT name FROM sqlite_master WHERE type = 'table' AND name = "schema_migrations"
  [1m[36mActiveRecord::SchemaMigration Load (0.0ms)[0m  [1mSELECT "schema_migrations".* FROM "schema_migrations"[0m
Migrating to CreatePosts (20170217173812)
  [1m[35m (1.0ms)[0m  CREATE TABLE "posts" ("id" integer PRIMARY KEY AUTOINCREMENT NOT NULL, "title" varchar, "body" text, "created_at" datetime NOT NULL, "updated_at" datetime NOT NULL) 
  [1m[36m (0.0ms)[0m  [1mSELECT name FROM sqlite_master WHERE type = 'table' AND name = "schema_migrations"[0m
  [1m[35mSQL (0.0ms)[0m  INSERT INTO "schema_migrations" ("version") VALUES ('20170217173812')
  [1m[36m (1.0ms)[0m  [1mSELECT name FROM sqlite_master WHERE type = 'table' AND name = "schema_migrations"[0m
  [1m[35mActiveRecord::SchemaMigration Load (0.0ms)[0m  SELECT "schema_migrations".* FROM "schema_migrations"
  [1m[36m (1.0ms)[0m  [1mSELECT name FROM sqlite_master WHERE type = 'table' AND NOT name = 'sqlite_sequence'[0m


Started GET "/" for 0:0:0:0:0:0:0:1 at 2017-02-17 12:39:05 -0500
  [1m[36m (6.0ms)[0m  [1mSELECT name FROM sqlite_master WHERE type = 'table' AND name = "schema_migrations"[0m
  [1m[35mActiveRecord::SchemaMigration Load (1.0ms)[0m  SELECT "schema_migrations".* FROM "schema_migrations"
Processing by Rails::WelcomeController#index as HTML
  Rendered /home/hs/.rvm/gems/jruby-9.1.5.0/gems/railties-4.2.8.rc1/lib/rails/templates/rails/welcome/index.html.erb (8.0ms)
Completed 200 OK in 106ms (Views: 35.8ms | ActiveRecord: 0.0ms)


Started GET "/posts" for 0:0:0:0:0:0:0:1 at 2017-02-17 12:40:32 -0500
  [1m[36m (7.0ms)[0m  [1mSELECT name FROM sqlite_master WHERE type = 'table' AND name = "schema_migrations"[0m
  [1m[35mActiveRecord::SchemaMigration Load (2.0ms)[0m  SELECT "schema_migrations".* FROM "schema_migrations"
Processing by PostsController#index as HTML
  [1m[36mPost Load (1.0ms)[0m  [1mSELECT "posts".* FROM "posts"[0m
  Rendered posts/index.html.erb within layouts/application (19.0ms)
Completed 200 OK in 2720ms (Views: 2631.1ms | ActiveRecord: 1.0ms)


Started GET "/assets/posts.self-e3b0c44298fc1c149afbf4c8996fb92427ae41e4649b934ca495991b7852b855.css?body=1" for 0:0:0:0:0:0:0:1 at 2017-02-17 12:40:35 -0500


Started GET "/assets/application.self-e80e8f2318043e8af94dddc2adad5a4f09739a8ebb323b3ab31cd71d45fd9113.css?body=1" for 0:0:0:0:0:0:0:1 at 2017-02-17 12:40:35 -0500


Started GET "/assets/jquery_ujs.self-784a997f6726036b1993eb2217c9cb558e1cbb801c6da88105588c56f13b466a.js?body=1" for 0:0:0:0:0:0:0:1 at 2017-02-17 12:40:35 -0500


Started GET "/assets/scaffolds.self-f766b327bff16f9e4275a7b1e1d2d7c9be0da0580cc6bdb4b8c7f0534ade8975.css?body=1" for 0:0:0:0:0:0:0:1 at 2017-02-17 12:40:35 -0500


Started GET "/assets/jquery.self-bd7ddd393353a8d2480a622e80342adf488fb6006d667e8b42e4c0073393abee.js?body=1" for 0:0:0:0:0:0:0:1 at 2017-02-17 12:40:35 -0500


Started GET "/assets/turbolinks.self-c5acd7a204f5f25ce7a1d8a0e4d92e28d34c9e2df2c7371cd7af88e147e4ad82.js?body=1" for 0:0:0:0:0:0:0:1 at 2017-02-17 12:40:35 -0500


Started GET "/assets/posts.self-877aef30ae1b040ab8a3aba4e3e309a11d7f2612f44dde450b5c157aa5f95c05.js?body=1" for 0:0:0:0:0:0:0:1 at 2017-02-17 12:40:35 -0500


Started GET "/assets/application.self-3b8dabdc891efe46b9a144b400ad69e37d7e5876bdc39dee783419a69d7ca819.js?body=1" for 0:0:0:0:0:0:0:1 at 2017-02-17 12:40:35 -0500
